<?xml version="1.0" encoding="UTF-8"?>
<!-- Generated by org.testng.reporters.JUnitXMLReporter -->
<testsuite hostname="user" name="Default test" tests="3" failures="0" timestamp="3 Mar 2016 08:53:32 GMT" time="31.189" errors="0">
  <testcase name="adminlinktest_dsrcheck" time="9.089" classname="com.innoventes.amagi.AppTest"/>
  <testcase name="normaluserlinktestanddsrentrytes" time="12.773" classname="com.innoventes.amagi.AppTest"/>
  <testcase name="userhierachytest" time="4.057" classname="com.innoventes.amagi.AppTest"/>
</testsuite> <!-- Default test -->
